11:00:46.030 [main                     ] DEBUG Logger               - Configured Logger
11:00:46.034 [main                     ] DEBUG GameApplication      - Logging settings
Title: BOMBERMAN
Version: 0.0
Width: 1080
Height: 720
Fullscreen: false
Intro: false
Profiling: false
Single step:false
App Mode: DEVELOPER
Menu Key: ESCAPE
Stage Style: DECORATED
Scene Factory: class com.bomberman.Bomberman$1

11:00:46.605 [JavaFX Application Thread] DEBUG FXGLApplication      - Initializing FXGL
11:00:46.606 [JavaFX Application Thread] INFO  Engine               - FXGL-11.17 (16.07.2021 15.46) on LINUX (J:19.0.1 FX:16)
11:00:46.606 [JavaFX Application Thread] DEBUG Engine               - JRE Vendor Name: Oracle Corporation
11:00:46.606 [JavaFX Application Thread] DEBUG Engine               - Running on OS: Linux version 5.15.0-52-generic
11:00:46.607 [JavaFX Application Thread] DEBUG Engine               - Architecture: amd64
11:00:46.607 [JavaFX Application Thread] INFO  Engine               - Source code and latest versions at: https://github.com/AlmasB/FXGL
11:00:46.607 [JavaFX Application Thread] INFO  Engine               -              Join the FXGL chat at: https://gitter.im/AlmasB/FXGL
11:00:46.660 [JavaFX Application Thread] DEBUG PrimaryStageWindow   - Creating a JavaFX scene
11:00:46.731 [JavaFX Application Thread] DEBUG PrimaryStageWindow   - Target settings size: 1080.0 x 720.0
11:00:46.731 [JavaFX Application Thread] DEBUG PrimaryStageWindow   - Scaled scene size:    1080.0 x 720.0
11:00:46.731 [JavaFX Application Thread] DEBUG PrimaryStageWindow   - Scaled ratio: (1.0, 1.0)
11:00:46.731 [JavaFX Application Thread] DEBUG PrimaryStageWindow   - Set initial scene to FXGLStartupScene
11:00:46.735 [JavaFX Application Thread] DEBUG PrimaryStageWindow   - Opening main window
11:00:46.757 [JavaFX Application Thread] DEBUG PrimaryStageWindow   - Window border size: (2.0, 29.0)
11:00:46.757 [JavaFX Application Thread] DEBUG PrimaryStageWindow   - Scaled size: 1080.0 x 720.0
11:00:46.757 [JavaFX Application Thread] DEBUG PrimaryStageWindow   - Scaled ratio: (1.0, 1.0)
11:00:46.757 [JavaFX Application Thread] DEBUG PrimaryStageWindow   - Scene size: 1080.0 x 720.0
11:00:46.757 [JavaFX Application Thread] DEBUG PrimaryStageWindow   - Stage size: 1082.0 x 749.0
11:00:46.763 [FXGL Background Thread 1 ] DEBUG Engine               - Initializing environment variables
11:00:46.814 [FXGL Background Thread 1 ] DEBUG FXGLAssetLoaderServi - User app class for loading assets: class com.bomberman.Bomberman
11:00:46.814 [FXGL Background Thread 1 ] DEBUG GameApplicationServi - Applying CSS: fxgl_dark.css
11:00:46.815 [FXGL Background Thread 1 ] DEBUG FXGLAssetLoaderServi - Loading from file system: jar:file:///home/jackspa0709/.m2/repository/com/github/almasb/fxgl/11.17/fxgl-11.17.jar!/fxglassets/ui/css/fxgl_dark.css
11:00:46.863 [FXGL Background Thread 1 ] DEBUG GameApplicationServi - Initializing application scenes
11:00:46.908 [FXGL Background Thread 1 ] DEBUG GameWorld            - Game world initialized
11:00:46.945 [FXGL Background Thread 1 ] DEBUG PhysicsWorld         - Physics world initialized: appHeight=720, physics.ppm=50.0
11:00:46.945 [FXGL Background Thread 1 ] DEBUG PhysicsWorld         - Using strategy: BRUTE_FORCE
11:00:46.947 [FXGL Background Thread 1 ] DEBUG GameScene            - Game scene initialized: 1080x720
11:00:46.954 [FXGL Background Thread 1 ] DEBUG FXGL.DefaultMenu     - createMenuBodyMainMenu()
11:00:46.964 [FXGL Background Thread 1 ] DEBUG FXGL.DefaultMenu     - createOptionsMenu()
11:00:46.970 [FXGL Background Thread 1 ] DEBUG FXGLAssetLoaderServi - Loading from file system: jar:file:///home/jackspa0709/.m2/repository/com/github/almasb/fxgl/11.17/fxgl-11.17.jar!/fxglassets/textures/particles/smoke.png
11:00:47.031 [FXGL Background Thread 1 ] DEBUG FXGLAssetLoaderServi - Loading from file system: jar:file:///home/jackspa0709/.m2/repository/com/github/almasb/fxgl/11.17/fxgl-11.17.jar!/fxglassets/textures/particles/trace_horizontal.png
11:00:47.048 [FXGL Background Thread 1 ] DEBUG FXGL.DefaultMenu     - createMenuBodyGameMenu()
11:00:47.048 [FXGL Background Thread 1 ] DEBUG FXGL.DefaultMenu     - createOptionsMenu()
11:00:47.062 [FXGL Background Thread 1 ] DEBUG GameApplicationServi - Application scenes initialized
11:00:47.067 [FXGL Background Thread 1 ] DEBUG SystemBundleService  - Loading FXGL system data
11:00:47.069 [FXGL Background Thread 1 ] DEBUG FileSystemAccess     - Reading from: /home/jackspa0709/Desktop/BOMM/system/fxgl.bundle
11:00:47.076 [FXGL Background Thread 1 ] DEBUG SystemBundleService  - Bundle FXGL: {}
11:00:47.076 [FXGL Background Thread 1 ] DEBUG UpdaterService       - Checking for updates
11:00:47.091 [FXGL Background Thread 4 ] DEBUG FXGLApplication      - Loading fonts
11:00:47.091 [FXGL Background Thread 4 ] DEBUG FXGLAssetLoaderServi - Loading from file system: file:/home/jackspa0709/Desktop/BOMM/target/classes/assets/ui/fonts/Retro%20Gaming.ttf
11:00:47.091 [FXGL Background Thread 1 ] DEBUG FXGLApplication      - Loading default localization
11:00:47.091 [FXGL Background Thread 1 ] DEBUG FXGLAssetLoaderServi - Loading from file system: jar:file:///home/jackspa0709/.m2/repository/com/github/almasb/fxgl/11.17/fxgl-11.17.jar!/fxglassets/languages/english.lang
11:00:47.096 [FXGL Background Thread 4 ] DEBUG FXGLAssetLoaderServi - Loading from file system: jar:file:///home/jackspa0709/.m2/repository/com/github/almasb/fxgl/11.17/fxgl-11.17.jar!/fxglassets/ui/fonts/Abel-Regular.ttf
11:00:47.097 [FXGL Background Thread 4 ] DEBUG FXGLAssetLoaderServi - Loading from file system: jar:file:///home/jackspa0709/.m2/repository/com/github/almasb/fxgl/11.17/fxgl-11.17.jar!/fxglassets/ui/fonts/lucida_console.ttf
11:00:47.099 [FXGL Background Thread 4 ] DEBUG FXGLAssetLoaderServi - Loading from file system: jar:file:///home/jackspa0709/.m2/repository/com/github/almasb/fxgl/11.17/fxgl-11.17.jar!/fxglassets/ui/fonts/Courier-Prime.ttf
11:00:47.102 [FXGL Background Thread 1 ] INFO  FXGLApplication      - FXGL initialization took: 0.339 sec
11:00:47.102 [JavaFX Application Thread] DEBUG FXGLApplication      - Registering font factories with UI factory
11:00:47.111 [JavaFX Application Thread] DEBUG Input                - Registered new binding: Move Up - W
11:00:47.111 [JavaFX Application Thread] DEBUG Input                - Registered new binding: Move Down - S
11:00:47.111 [JavaFX Application Thread] DEBUG Input                - Registered new binding: Move Left - A
11:00:47.111 [JavaFX Application Thread] DEBUG Input                - Registered new binding: Move Right - D
11:00:47.111 [JavaFX Application Thread] DEBUG Input                - Registered new binding: Place Bomb - Space
11:00:47.112 [JavaFX Application Thread] DEBUG FXGLAssetLoaderServi - Loading from file system: jar:file:///home/jackspa0709/.m2/repository/com/github/almasb/fxgl/11.17/fxgl-11.17.jar!/fxglassets/textures/fxgl_icon.png
11:00:47.137 [JavaFX Application Thread] DEBUG FXGLAssetLoaderServi - Loading from file system: jar:file:///home/jackspa0709/.m2/repository/com/github/almasb/fxgl/11.17/fxgl-11.17.jar!/fxglassets/textures/fxgl_default_cursor.png
11:00:47.139 [JavaFX Application Thread] DEBUG Input                - Registered new binding: Screenshot - CTRL+8
11:00:47.140 [JavaFX Application Thread] DEBUG Input                - Registered new binding: Dev Options - 1
11:00:47.140 [JavaFX Application Thread] DEBUG Input                - Registered new binding: Dev Console - 2
11:00:47.140 [JavaFX Application Thread] DEBUG Input                - Registered new binding: System info dump - CTRL+9
11:00:47.140 [JavaFX Application Thread] DEBUG Input                - Registered new binding: Restart - CTRL+R
11:00:47.141 [JavaFX Application Thread] DEBUG Input                - Registered new binding: Toggle Debug Camera - CTRL+C
11:00:47.143 [JavaFX Application Thread] DEBUG LoopRunner           - Starting loop
11:00:47.155 [JavaFX Application Thread] DEBUG LoopRunner           - Initializing JavaFX AnimationTimerLoop
11:00:47.156 [JavaFX Application Thread] DEBUG Input                - Clearing active input actions
11:00:47.163 [JavaFX Application Thread] DEBUG GameApplicationServi - Removing overlay from FXGLStartupScene and adding to FXGLMainMenuDummyScene
11:00:47.165 [JavaFX Application Thread] DEBUG PrimaryStageWindow   - FXGLStartupScene -> FXGLMainMenuDummyScene
11:00:47.165 [JavaFX Application Thread] DEBUG PrimaryStageWindow   - Push state: FXGLDefaultMenu
11:00:47.168 [JavaFX Application Thread] DEBUG Input                - Clearing active input actions
11:00:47.172 [JavaFX Application Thread] DEBUG GameApplicationServi - Removing overlay from FXGLMainMenuDummyScene and adding to FXGLDefaultMenu
11:00:47.173 [JavaFX Application Thread] DEBUG PrimaryStageWindow   - FXGLMainMenuDummyScene -> FXGLDefaultMenu
11:00:48.177 [FXGL Background Thread 2 ] INFO  UpdaterService       - Your current version:  11.17
11:00:48.177 [FXGL Background Thread 2 ] INFO  UpdaterService       - Latest stable version: 17.2
11:00:48.251 [JavaFX Application Thread] DEBUG Menu                 - fireNewGame()
11:00:48.252 [JavaFX Application Thread] DEBUG GameApplicationServi - Starting new game
11:00:48.254 [JavaFX Application Thread] DEBUG PrimaryStageWindow   - Pop state: FXGLDefaultMenu
11:00:48.254 [JavaFX Application Thread] DEBUG Input                - Clearing active input actions
11:00:48.255 [JavaFX Application Thread] DEBUG GameApplicationServi - Removing overlay from FXGLDefaultMenu and adding to FXGLMainMenuDummyScene
11:00:48.256 [JavaFX Application Thread] DEBUG PrimaryStageWindow   - FXGLMainMenuDummyScene <- FXGLDefaultMenu
11:00:48.257 [JavaFX Application Thread] DEBUG Input                - Clearing active input actions
11:00:48.265 [JavaFX Application Thread] DEBUG GameApplicationServi - Removing overlay from FXGLMainMenuDummyScene and adding to FXGLLoadingScene
11:00:48.266 [JavaFX Application Thread] DEBUG PrimaryStageWindow   - FXGLMainMenuDummyScene -> FXGLLoadingScene
11:00:48.266 [JavaFX Application Thread] DEBUG GameApplicationServi - Clearing previous game
11:00:48.266 [JavaFX Application Thread] DEBUG GameScene            - Clearing game scene
11:00:48.266 [JavaFX Application Thread] DEBUG GameWorld            - Clearing game world
11:00:48.266 [JavaFX Application Thread] DEBUG PhysicsWorld         - Clearing physics world
11:00:48.267 [FXGL Background Thread 2 ] DEBUG FXGLApplication      - Initializing game
11:00:48.296 [FXGL Background Thread 2 ] INFO  FXGLApplication      - Game initialization took: 0.029 sec
11:00:48.325 [JavaFX Application Thread] DEBUG Input                - Clearing active input actions
11:00:48.342 [JavaFX Application Thread] DEBUG GameApplicationServi - Removing overlay from FXGLLoadingScene and adding to GameScene
11:00:48.349 [JavaFX Application Thread] DEBUG PrimaryStageWindow   - FXGLLoadingScene -> GameScene
11:00:50.090 [FXGL Background Thread 3 ] DEBUG Engine               - Logging environment variables
11:00:50.091 [FXGL Background Thread 3 ] DEBUG Engine               - achievements: []
11:00:50.091 [FXGL Background Thread 3 ] DEBUG Engine               - actualHeight: 717.0
11:00:50.091 [FXGL Background Thread 3 ] DEBUG Engine               - actualHeightProperty: ReadOnlyDoubleProperty [value: 717.0]
11:00:50.091 [FXGL Background Thread 3 ] DEBUG Engine               - actualWidth: 1078.0
11:00:50.091 [FXGL Background Thread 3 ] DEBUG Engine               - actualWidthProperty: ReadOnlyDoubleProperty [value: 1078.0]
11:00:50.092 [FXGL Background Thread 3 ] DEBUG Engine               - appIcon: fxgl_icon.png
11:00:50.092 [FXGL Background Thread 3 ] DEBUG Engine               - applicationMode: DEVELOPER
11:00:50.092 [FXGL Background Thread 3 ] DEBUG Engine               - cSSList: [fxgl_dark.css]
11:00:50.092 [FXGL Background Thread 3 ] DEBUG Engine               - collisionDetectionStrategy: BRUTE_FORCE
11:00:50.092 [FXGL Background Thread 3 ] DEBUG Engine               - configClass: Optional.empty
11:00:50.092 [FXGL Background Thread 3 ] DEBUG Engine               - credits: []
11:00:50.093 [FXGL Background Thread 3 ] DEBUG Engine               - defaultCursor: CursorInfo(imageName=fxgl_default_cursor.png, hotspotX=7.0, hotspotY=6.0)
11:00:50.093 [FXGL Background Thread 3 ] DEBUG Engine               - devBBoxColorProperty: ObjectProperty [value: 0xff0000ff]
11:00:50.093 [FXGL Background Thread 3 ] DEBUG Engine               - devEnableDebugCameraProperty: BooleanProperty [value: false]
11:00:50.093 [FXGL Background Thread 3 ] DEBUG Engine               - devSensorColorProperty: ObjectProperty [value: 0xffff00ff]
11:00:50.093 [FXGL Background Thread 3 ] DEBUG Engine               - devShowBBoxProperty: BooleanProperty [value: false]
11:00:50.094 [FXGL Background Thread 3 ] DEBUG Engine               - devShowPositionProperty: BooleanProperty [value: false]
11:00:50.094 [FXGL Background Thread 3 ] DEBUG Engine               - enabledMenuItems: []
11:00:50.094 [FXGL Background Thread 3 ] DEBUG Engine               - engineServices: [class com.almasb.fxgl.app.services.FXGLAssetLoaderService, class com.almasb.fxgl.app.FXGLApplication$GameApplicationService, class com.almasb.fxgl.app.services.FXGLDialogService, class com.almasb.fxgl.app.services.IOTaskExecutorService, class com.almasb.fxgl.io.FileSystemService, class com.almasb.fxgl.localization.LocalizationService, class com.almasb.fxgl.app.services.SystemBundleService, class com.almasb.fxgl.profile.SaveLoadService, class com.almasb.fxgl.ui.FXGLUIFactoryServiceProvider, class com.almasb.fxgl.ui.FXGLDialogFactoryServiceProvider, class com.almasb.fxgl.audio.AudioPlayer, class com.almasb.fxgl.notification.impl.NotificationServiceProvider, class com.almasb.fxgl.achievement.AchievementService, class com.almasb.fxgl.cutscene.CutsceneService, class com.almasb.fxgl.minigames.MiniGameService, class com.almasb.fxgl.net.NetService, class com.almasb.fxgl.app.services.UpdaterService, class com.almasb.fxgl.dev.DevService]
11:00:50.094 [FXGL Background Thread 3 ] DEBUG Engine               - fontGame: Abel-Regular.ttf
11:00:50.094 [FXGL Background Thread 3 ] DEBUG Engine               - fontMono: lucida_console.ttf
11:00:50.094 [FXGL Background Thread 3 ] DEBUG Engine               - fontText: Courier-Prime.ttf
11:00:50.094 [FXGL Background Thread 3 ] DEBUG Engine               - fontUI: Retro Gaming.ttf
11:00:50.095 [FXGL Background Thread 3 ] DEBUG Engine               - fullScreen: BooleanProperty [value: false]
11:00:50.095 [FXGL Background Thread 3 ] DEBUG Engine               - gameDifficulty: MEDIUM
11:00:50.095 [FXGL Background Thread 3 ] DEBUG Engine               - gameDifficultyProperty: ObjectProperty [value: MEDIUM]
11:00:50.095 [FXGL Background Thread 3 ] DEBUG Engine               - globalMusicVolume: 0.5
11:00:50.095 [FXGL Background Thread 3 ] DEBUG Engine               - globalMusicVolumeProperty: DoubleProperty [value: 0.0]
11:00:50.095 [FXGL Background Thread 3 ] DEBUG Engine               - globalSoundVolume: 0.5
11:00:50.096 [FXGL Background Thread 3 ] DEBUG Engine               - globalSoundVolumeProperty: DoubleProperty [value: 0.5]
11:00:50.096 [FXGL Background Thread 3 ] DEBUG Engine               - height: 720
11:00:50.096 [FXGL Background Thread 3 ] DEBUG Engine               - is3D: false
11:00:50.096 [FXGL Background Thread 3 ] DEBUG Engine               - isAndroid: false
11:00:50.096 [FXGL Background Thread 3 ] DEBUG Engine               - isBrowser: false
11:00:50.096 [FXGL Background Thread 3 ] DEBUG Engine               - isClickFeedbackEnabled: false
11:00:50.096 [FXGL Background Thread 3 ] DEBUG Engine               - isCloseConfirmation: false
11:00:50.097 [FXGL Background Thread 3 ] DEBUG Engine               - isDesktop: true
11:00:50.097 [FXGL Background Thread 3 ] DEBUG Engine               - isDeveloperMenuEnabled: true
11:00:50.097 [FXGL Background Thread 3 ] DEBUG Engine               - isEntityPreloadEnabled: true
11:00:50.097 [FXGL Background Thread 3 ] DEBUG Engine               - isExperimentalTiledLargeMap: false
11:00:50.097 [FXGL Background Thread 3 ] DEBUG Engine               - isFileSystemWriteAllowed: true
11:00:50.102 [FXGL Background Thread 3 ] DEBUG Engine               - isFullScreenAllowed: false
11:00:50.102 [FXGL Background Thread 3 ] DEBUG Engine               - isFullScreenFromStart: false
11:00:50.102 [FXGL Background Thread 3 ] DEBUG Engine               - isGameMenuEnabled: true
11:00:50.102 [FXGL Background Thread 3 ] DEBUG Engine               - isIOS: false
11:00:50.103 [FXGL Background Thread 3 ] DEBUG Engine               - isIntroEnabled: false
11:00:50.103 [FXGL Background Thread 3 ] DEBUG Engine               - isLinux: true
11:00:50.103 [FXGL Background Thread 3 ] DEBUG Engine               - isMac: false
11:00:50.103 [FXGL Background Thread 3 ] DEBUG Engine               - isMainMenuEnabled: true
11:00:50.103 [FXGL Background Thread 3 ] DEBUG Engine               - isManualResizeEnabled: true
11:00:50.103 [FXGL Background Thread 3 ] DEBUG Engine               - isMobile: false
11:00:50.103 [FXGL Background Thread 3 ] DEBUG Engine               - isNative: false
11:00:50.103 [FXGL Background Thread 3 ] DEBUG Engine               - isPauseMusicWhenMinimized: true
11:00:50.103 [FXGL Background Thread 3 ] DEBUG Engine               - isPreserveResizeRatio: true
11:00:50.103 [FXGL Background Thread 3 ] DEBUG Engine               - isProfilingEnabled: false
11:00:50.103 [FXGL Background Thread 3 ] DEBUG Engine               - isScaleAffectedOnResize: true
11:00:50.103 [FXGL Background Thread 3 ] DEBUG Engine               - isSingleStep: false
11:00:50.103 [FXGL Background Thread 3 ] DEBUG Engine               - isUserProfileEnabled: false
11:00:50.104 [FXGL Background Thread 3 ] DEBUG Engine               - isWindows: false
11:00:50.104 [FXGL Background Thread 3 ] DEBUG Engine               - language: ObjectProperty [value: ENGLISH]
11:00:50.104 [FXGL Background Thread 3 ] DEBUG Engine               - menuKey: ESCAPE
11:00:50.104 [FXGL Background Thread 3 ] DEBUG Engine               - mouseSensitivity: 0.2
11:00:50.104 [FXGL Background Thread 3 ] DEBUG Engine               - notificationViewClass: class com.almasb.fxgl.notification.view.XboxNotificationView
11:00:50.104 [FXGL Background Thread 3 ] DEBUG Engine               - pixelsPerMeter: 50.0
11:00:50.104 [FXGL Background Thread 3 ] DEBUG Engine               - platform: LINUX
11:00:50.104 [FXGL Background Thread 3 ] DEBUG Engine               - prefHeightProperty: ReadOnlyDoubleProperty [value: 720.0]
11:00:50.104 [FXGL Background Thread 3 ] DEBUG Engine               - prefWidthProperty: ReadOnlyDoubleProperty [value: 1080.0]
11:00:50.104 [FXGL Background Thread 3 ] DEBUG Engine               - profileDir: profiles/
11:00:50.104 [FXGL Background Thread 3 ] DEBUG Engine               - profileName: StringProperty [value: DEFAULT]
11:00:50.105 [FXGL Background Thread 3 ] DEBUG Engine               - randomSeed: -1
11:00:50.105 [FXGL Background Thread 3 ] DEBUG Engine               - runtimeInfo: RuntimeInfo(platform=LINUX, version=11.17, build=16.07.2021 15.46)
11:00:50.105 [FXGL Background Thread 3 ] DEBUG Engine               - saveFileExt: sav
11:00:50.105 [FXGL Background Thread 3 ] DEBUG Engine               - scaledHeightProp$fxgl: DoubleProperty [bound, value: 717.0]
11:00:50.105 [FXGL Background Thread 3 ] DEBUG Engine               - scaledWidthProp$fxgl: DoubleProperty [bound, value: 1078.0]
11:00:50.105 [FXGL Background Thread 3 ] DEBUG Engine               - sceneFactory: com.bomberman.Bomberman$1@6944e173
11:00:50.105 [FXGL Background Thread 3 ] DEBUG Engine               - secondsIn24h: 60
11:00:50.105 [FXGL Background Thread 3 ] DEBUG Engine               - soundMenuBack: menu/back.wav
11:00:50.105 [FXGL Background Thread 3 ] DEBUG Engine               - soundMenuPress: menu/press.wav
11:00:50.105 [FXGL Background Thread 3 ] DEBUG Engine               - soundMenuSelect: menu/select.wav
11:00:50.106 [FXGL Background Thread 3 ] DEBUG Engine               - soundNotification: core/notification.wav
11:00:50.106 [FXGL Background Thread 3 ] DEBUG Engine               - stageStyle: DECORATED
11:00:50.106 [FXGL Background Thread 3 ] DEBUG Engine               - supportedLanguages: [ENGLISH, FRENCH, GERMAN, HUNGARIAN, RUSSIAN]
11:00:50.106 [FXGL Background Thread 3 ] DEBUG Engine               - ticksPerSecond: -1
11:00:50.106 [FXGL Background Thread 3 ] DEBUG Engine               - title: BOMBERMAN
11:00:50.106 [FXGL Background Thread 3 ] DEBUG Engine               - urlGithub: https://github.com/AlmasB/FXGL
11:00:50.106 [FXGL Background Thread 3 ] DEBUG Engine               - urlLeaderboard: http://fxgl-top.herokuapp.com/
11:00:50.106 [FXGL Background Thread 3 ] DEBUG Engine               - urlPOM: https://raw.githubusercontent.com/AlmasB/FXGL/release/README.md
11:00:50.106 [FXGL Background Thread 3 ] DEBUG Engine               - userAppClass: class com.bomberman.Bomberman
11:00:50.106 [FXGL Background Thread 3 ] DEBUG Engine               - version: 0.0
11:00:50.106 [FXGL Background Thread 3 ] DEBUG Engine               - versionCheckDays: 7
11:00:50.106 [FXGL Background Thread 3 ] DEBUG Engine               - width: 1080
11:00:50.106 [FXGL Background Thread 3 ] DEBUG Engine               - Logging services
11:00:50.106 [FXGL Background Thread 3 ] DEBUG Engine               - class com.almasb.fxgl.app.services.FXGLAssetLoaderService
11:00:50.106 [FXGL Background Thread 3 ] DEBUG Engine               - class com.almasb.fxgl.app.FXGLApplication$GameApplicationService
11:00:50.106 [FXGL Background Thread 3 ] DEBUG Engine               - class com.almasb.fxgl.app.services.FXGLDialogService
11:00:50.106 [FXGL Background Thread 3 ] DEBUG Engine               - class com.almasb.fxgl.app.services.IOTaskExecutorService
11:00:50.107 [FXGL Background Thread 3 ] DEBUG Engine               - class com.almasb.fxgl.io.FileSystemService
11:00:50.107 [FXGL Background Thread 3 ] DEBUG Engine               - class com.almasb.fxgl.localization.LocalizationService
11:00:50.107 [FXGL Background Thread 3 ] DEBUG Engine               - class com.almasb.fxgl.app.services.SystemBundleService
11:00:50.107 [FXGL Background Thread 3 ] DEBUG Engine               - class com.almasb.fxgl.profile.SaveLoadService
11:00:50.107 [FXGL Background Thread 3 ] DEBUG Engine               - class com.almasb.fxgl.ui.FXGLUIFactoryServiceProvider
11:00:50.107 [FXGL Background Thread 3 ] DEBUG Engine               - class com.almasb.fxgl.ui.FXGLDialogFactoryServiceProvider
11:00:50.107 [FXGL Background Thread 3 ] DEBUG Engine               - class com.almasb.fxgl.audio.AudioPlayer
11:00:50.107 [FXGL Background Thread 3 ] DEBUG Engine               - class com.almasb.fxgl.notification.impl.NotificationServiceProvider
11:00:50.107 [FXGL Background Thread 3 ] DEBUG Engine               - class com.almasb.fxgl.achievement.AchievementService
11:00:50.107 [FXGL Background Thread 3 ] DEBUG Engine               - class com.almasb.fxgl.cutscene.CutsceneService
11:00:50.107 [FXGL Background Thread 3 ] DEBUG Engine               - class com.almasb.fxgl.minigames.MiniGameService
11:00:50.107 [FXGL Background Thread 3 ] DEBUG Engine               - class com.almasb.fxgl.net.NetService
11:00:50.107 [FXGL Background Thread 3 ] DEBUG Engine               - class com.almasb.fxgl.app.services.UpdaterService
11:00:50.107 [FXGL Background Thread 3 ] DEBUG Engine               - class com.almasb.fxgl.dev.DevService
11:00:51.159 [JavaFX Application Thread] WARN  TMXLevelLoader       - TiledMap generated from 1.7.2. Supported version: 1.2.3. Some features may not be parsed fully.
11:00:51.176 [JavaFX Application Thread] DEBUG TMXLevelLoader       - Parsed TiledMap: file:/home/jackspa0709/Desktop/BOMM/target/classes/assets/levels/bbm_level1.tmx
11:00:51.177 [JavaFX Application Thread] DEBUG TMXLevelLoader       - Creating tile layer entities
11:00:51.178 [JavaFX Application Thread] DEBUG TilesetLoader        - Loading view for layer Tile Layer 1
11:00:51.178 [JavaFX Application Thread] DEBUG TilesetLoader        - Created buffer with size 1488.0x720.0
11:00:51.278 [JavaFX Application Thread] DEBUG TMXLevelLoader       - Creating object layer entities
11:00:51.279 [JavaFX Application Thread] DEBUG FXGLAssetLoaderServi - Loading from file system: file:/home/jackspa0709/Desktop/BOMM/target/classes/assets/textures/photo/powerup_speed.png
11:00:51.284 [JavaFX Application Thread] DEBUG FXGLAssetLoaderServi - Loading from file system: file:/home/jackspa0709/Desktop/BOMM/target/classes/assets/textures/photo/powerup_flames.png
11:00:51.285 [JavaFX Application Thread] DEBUG FXGLAssetLoaderServi - Loading from file system: file:/home/jackspa0709/Desktop/BOMM/target/classes/assets/textures/photo/powerup_bombs.png
11:00:51.286 [JavaFX Application Thread] DEBUG FXGLAssetLoaderServi - Loading from file system: file:/home/jackspa0709/Desktop/BOMM/target/classes/assets/textures/photo/powerup_flamepass.png
11:00:51.287 [JavaFX Application Thread] DEBUG FXGLAssetLoaderServi - Loading from file system: file:/home/jackspa0709/Desktop/BOMM/target/classes/assets/textures/photo/portal.png
11:00:51.289 [JavaFX Application Thread] DEBUG FXGLAssetLoaderServi - Loading from file system: file:/home/jackspa0709/Desktop/BOMM/target/classes/assets/textures/sprites.png
11:00:51.348 [JavaFX Application Thread] DEBUG GameWorld            - Clearing removable entities
11:00:51.348 [JavaFX Application Thread] DEBUG GameWorld            - Setting level: com.almasb.fxgl.entity.level.Level@5b3f06ed
11:00:54.234 [JavaFX Application Thread] DEBUG FXGLApplication      - Exiting FXGL
11:00:54.235 [JavaFX Application Thread] DEBUG LoopRunner           - Stopping loop
11:00:54.235 [JavaFX Application Thread] DEBUG SystemBundleService  - Saving FXGL system data
11:00:54.238 [JavaFX Application Thread] DEBUG FileSystemAccess     - Writing to: /home/jackspa0709/Desktop/BOMM/system/fxgl.bundle
11:00:54.241 [JavaFX Application Thread] DEBUG Async                - Shutting down background threads
11:00:54.242 [JavaFX Application Thread] DEBUG PrimaryStageWindow   - Closing main window
11:00:54.246 [JavaFX Application Thread] DEBUG Logger               - Closing Logger
