09:29:59.065 [main                     ] DEBUG Logger               - Configured Logger
09:29:59.066 [main                     ] DEBUG GameApplication      - Logging settings
Title: BOMBERMAN
Version: 0.0
Width: 1080
Height: 720
Fullscreen: false
Intro: false
Profiling: false
Single step:false
App Mode: DEVELOPER
Menu Key: ESCAPE
Stage Style: DECORATED
Scene Factory: class com.testniqatsu.bomberman.BombermanApp$1

09:29:59.303 [JavaFX Application Thread] DEBUG FXGLApplication      - Initializing FXGL
09:29:59.304 [JavaFX Application Thread] INFO  Engine               - FXGL-11.17 (16.07.2021 15.46) on LINUX (J:19.0.1 FX:16)
09:29:59.305 [JavaFX Application Thread] DEBUG Engine               - JRE Vendor Name: Oracle Corporation
09:29:59.305 [JavaFX Application Thread] DEBUG Engine               - Running on OS: Linux version 5.15.0-52-generic
09:29:59.305 [JavaFX Application Thread] DEBUG Engine               - Architecture: amd64
09:29:59.305 [JavaFX Application Thread] INFO  Engine               - Source code and latest versions at: https://github.com/AlmasB/FXGL
09:29:59.305 [JavaFX Application Thread] INFO  Engine               -              Join the FXGL chat at: https://gitter.im/AlmasB/FXGL
09:29:59.355 [JavaFX Application Thread] DEBUG PrimaryStageWindow   - Creating a JavaFX scene
09:29:59.409 [JavaFX Application Thread] DEBUG PrimaryStageWindow   - Target settings size: 1080.0 x 720.0
09:29:59.409 [JavaFX Application Thread] DEBUG PrimaryStageWindow   - Scaled scene size:    1080.0 x 720.0
09:29:59.409 [JavaFX Application Thread] DEBUG PrimaryStageWindow   - Scaled ratio: (1.0, 1.0)
09:29:59.409 [JavaFX Application Thread] DEBUG PrimaryStageWindow   - Set initial scene to FXGLStartupScene
09:29:59.413 [JavaFX Application Thread] DEBUG PrimaryStageWindow   - Opening main window
09:29:59.436 [JavaFX Application Thread] DEBUG PrimaryStageWindow   - Window border size: (2.0, 29.0)
09:29:59.436 [JavaFX Application Thread] DEBUG PrimaryStageWindow   - Scaled size: 1080.0 x 720.0
09:29:59.436 [JavaFX Application Thread] DEBUG PrimaryStageWindow   - Scaled ratio: (1.0, 1.0)
09:29:59.436 [JavaFX Application Thread] DEBUG PrimaryStageWindow   - Scene size: 1080.0 x 720.0
09:29:59.436 [JavaFX Application Thread] DEBUG PrimaryStageWindow   - Stage size: 1082.0 x 749.0
09:29:59.446 [FXGL Background Thread 1 ] DEBUG Engine               - Initializing environment variables
09:29:59.498 [FXGL Background Thread 1 ] DEBUG FXGLAssetLoaderServi - User app class for loading assets: class com.testniqatsu.bomberman.BombermanApp
09:29:59.498 [FXGL Background Thread 1 ] DEBUG GameApplicationServi - Applying CSS: fxgl_dark.css
09:29:59.499 [FXGL Background Thread 1 ] DEBUG FXGLAssetLoaderServi - Loading from file system: jar:file:///home/jackspa0709/.m2/repository/com/github/almasb/fxgl/11.17/fxgl-11.17.jar!/fxglassets/ui/css/fxgl_dark.css
09:29:59.548 [FXGL Background Thread 1 ] DEBUG GameApplicationServi - Initializing application scenes
09:29:59.590 [FXGL Background Thread 1 ] DEBUG GameWorld            - Game world initialized
09:29:59.641 [FXGL Background Thread 1 ] DEBUG PhysicsWorld         - Physics world initialized: appHeight=720, physics.ppm=50.0
09:29:59.641 [FXGL Background Thread 1 ] DEBUG PhysicsWorld         - Using strategy: BRUTE_FORCE
09:29:59.643 [FXGL Background Thread 1 ] DEBUG GameScene            - Game scene initialized: 1080x720
09:29:59.652 [FXGL Background Thread 1 ] DEBUG FXGL.DefaultMenu     - createMenuBodyMainMenu()
09:29:59.663 [FXGL Background Thread 1 ] DEBUG FXGL.DefaultMenu     - createOptionsMenu()
09:29:59.670 [FXGL Background Thread 1 ] DEBUG FXGLAssetLoaderServi - Loading from file system: jar:file:///home/jackspa0709/.m2/repository/com/github/almasb/fxgl/11.17/fxgl-11.17.jar!/fxglassets/textures/particles/smoke.png
09:29:59.731 [FXGL Background Thread 1 ] DEBUG FXGLAssetLoaderServi - Loading from file system: jar:file:///home/jackspa0709/.m2/repository/com/github/almasb/fxgl/11.17/fxgl-11.17.jar!/fxglassets/textures/particles/trace_horizontal.png
09:29:59.749 [FXGL Background Thread 1 ] DEBUG FXGL.DefaultMenu     - createMenuBodyGameMenu()
09:29:59.750 [FXGL Background Thread 1 ] DEBUG FXGL.DefaultMenu     - createOptionsMenu()
09:29:59.770 [FXGL Background Thread 1 ] DEBUG GameApplicationServi - Application scenes initialized
09:29:59.774 [FXGL Background Thread 1 ] DEBUG SystemBundleService  - Loading FXGL system data
09:29:59.777 [FXGL Background Thread 1 ] DEBUG FileSystemAccess     - Reading from: /home/jackspa0709/Desktop/BombermanOOP/system/fxgl.bundle
09:29:59.781 [FXGL Background Thread 1 ] DEBUG SystemBundleService  - Bundle FXGL: {}
09:29:59.782 [FXGL Background Thread 1 ] DEBUG UpdaterService       - Checking for updates
09:29:59.793 [FXGL Background Thread 4 ] DEBUG FXGLApplication      - Loading fonts
09:29:59.793 [FXGL Background Thread 1 ] DEBUG FXGLApplication      - Loading default localization
09:29:59.793 [FXGL Background Thread 4 ] DEBUG FXGLAssetLoaderServi - Loading from file system: file:/home/jackspa0709/Desktop/BombermanOOP/target/classes/assets/ui/fonts/Retro%20Gaming.ttf
09:29:59.794 [FXGL Background Thread 1 ] DEBUG FXGLAssetLoaderServi - Loading from file system: jar:file:///home/jackspa0709/.m2/repository/com/github/almasb/fxgl/11.17/fxgl-11.17.jar!/fxglassets/languages/english.lang
09:29:59.799 [FXGL Background Thread 1 ] INFO  FXGLApplication      - FXGL initialization took: 0.354 sec
09:29:59.806 [FXGL Background Thread 4 ] DEBUG FXGLAssetLoaderServi - Loading from file system: jar:file:///home/jackspa0709/.m2/repository/com/github/almasb/fxgl/11.17/fxgl-11.17.jar!/fxglassets/ui/fonts/Abel-Regular.ttf
09:29:59.806 [JavaFX Application Thread] DEBUG Input                - Registered new binding: Move Up - W
09:29:59.806 [JavaFX Application Thread] DEBUG Input                - Registered new binding: Move Down - S
09:29:59.807 [JavaFX Application Thread] DEBUG Input                - Registered new binding: Move Left - A
09:29:59.807 [JavaFX Application Thread] DEBUG Input                - Registered new binding: Move Right - D
09:29:59.807 [JavaFX Application Thread] DEBUG Input                - Registered new binding: Place Bomb - Space
09:29:59.807 [FXGL Background Thread 4 ] DEBUG FXGLAssetLoaderServi - Loading from file system: jar:file:///home/jackspa0709/.m2/repository/com/github/almasb/fxgl/11.17/fxgl-11.17.jar!/fxglassets/ui/fonts/lucida_console.ttf
09:29:59.807 [JavaFX Application Thread] DEBUG FXGLAssetLoaderServi - Loading from file system: jar:file:///home/jackspa0709/.m2/repository/com/github/almasb/fxgl/11.17/fxgl-11.17.jar!/fxglassets/textures/fxgl_icon.png
09:29:59.809 [FXGL Background Thread 4 ] DEBUG FXGLAssetLoaderServi - Loading from file system: jar:file:///home/jackspa0709/.m2/repository/com/github/almasb/fxgl/11.17/fxgl-11.17.jar!/fxglassets/ui/fonts/Courier-Prime.ttf
09:29:59.823 [JavaFX Application Thread] DEBUG FXGLAssetLoaderServi - Loading from file system: jar:file:///home/jackspa0709/.m2/repository/com/github/almasb/fxgl/11.17/fxgl-11.17.jar!/fxglassets/textures/fxgl_default_cursor.png
09:29:59.824 [JavaFX Application Thread] DEBUG Input                - Registered new binding: Screenshot - CTRL+8
09:29:59.824 [JavaFX Application Thread] DEBUG Input                - Registered new binding: Dev Options - 1
09:29:59.824 [JavaFX Application Thread] DEBUG Input                - Registered new binding: Dev Console - 2
09:29:59.824 [JavaFX Application Thread] DEBUG Input                - Registered new binding: System info dump - CTRL+9
09:29:59.824 [JavaFX Application Thread] DEBUG Input                - Registered new binding: Restart - CTRL+R
09:29:59.825 [JavaFX Application Thread] DEBUG Input                - Registered new binding: Toggle Debug Camera - CTRL+C
09:29:59.826 [JavaFX Application Thread] DEBUG LoopRunner           - Starting loop
09:29:59.833 [JavaFX Application Thread] DEBUG LoopRunner           - Initializing JavaFX AnimationTimerLoop
09:29:59.834 [JavaFX Application Thread] DEBUG Input                - Clearing active input actions
09:29:59.839 [JavaFX Application Thread] DEBUG GameApplicationServi - Removing overlay from FXGLStartupScene and adding to FXGLMainMenuDummyScene
09:29:59.841 [JavaFX Application Thread] DEBUG PrimaryStageWindow   - FXGLStartupScene -> FXGLMainMenuDummyScene
09:29:59.841 [JavaFX Application Thread] DEBUG PrimaryStageWindow   - Push state: FXGLDefaultMenu
09:29:59.843 [JavaFX Application Thread] DEBUG Input                - Clearing active input actions
09:29:59.847 [JavaFX Application Thread] DEBUG GameApplicationServi - Removing overlay from FXGLMainMenuDummyScene and adding to FXGLDefaultMenu
09:29:59.847 [JavaFX Application Thread] DEBUG PrimaryStageWindow   - FXGLMainMenuDummyScene -> FXGLDefaultMenu
09:29:59.847 [JavaFX Application Thread] DEBUG FXGLApplication      - Registering font factories with UI factory
09:30:00.773 [FXGL Background Thread 2 ] INFO  UpdaterService       - Your current version:  11.17
09:30:00.773 [FXGL Background Thread 2 ] INFO  UpdaterService       - Latest stable version: 17.2
09:30:02.792 [FXGL Background Thread 3 ] DEBUG Engine               - Logging environment variables
09:30:02.793 [FXGL Background Thread 3 ] DEBUG Engine               - achievements: []
09:30:02.793 [FXGL Background Thread 3 ] DEBUG Engine               - actualHeight: 717.0
09:30:02.793 [FXGL Background Thread 3 ] DEBUG Engine               - actualHeightProperty: ReadOnlyDoubleProperty [value: 717.0]
09:30:02.793 [FXGL Background Thread 3 ] DEBUG Engine               - actualWidth: 1078.0
09:30:02.793 [FXGL Background Thread 3 ] DEBUG Engine               - actualWidthProperty: ReadOnlyDoubleProperty [value: 1078.0]
09:30:02.793 [FXGL Background Thread 3 ] DEBUG Engine               - appIcon: fxgl_icon.png
09:30:02.793 [FXGL Background Thread 3 ] DEBUG Engine               - applicationMode: DEVELOPER
09:30:02.793 [FXGL Background Thread 3 ] DEBUG Engine               - cSSList: [fxgl_dark.css]
09:30:02.793 [FXGL Background Thread 3 ] DEBUG Engine               - collisionDetectionStrategy: BRUTE_FORCE
09:30:02.793 [FXGL Background Thread 3 ] DEBUG Engine               - configClass: Optional.empty
09:30:02.793 [FXGL Background Thread 3 ] DEBUG Engine               - credits: []
09:30:02.793 [FXGL Background Thread 3 ] DEBUG Engine               - defaultCursor: CursorInfo(imageName=fxgl_default_cursor.png, hotspotX=7.0, hotspotY=6.0)
09:30:02.794 [FXGL Background Thread 3 ] DEBUG Engine               - devBBoxColorProperty: ObjectProperty [value: 0xff0000ff]
09:30:02.794 [FXGL Background Thread 3 ] DEBUG Engine               - devEnableDebugCameraProperty: BooleanProperty [value: false]
09:30:02.794 [FXGL Background Thread 3 ] DEBUG Engine               - devSensorColorProperty: ObjectProperty [value: 0xffff00ff]
09:30:02.794 [FXGL Background Thread 3 ] DEBUG Engine               - devShowBBoxProperty: BooleanProperty [value: false]
09:30:02.794 [FXGL Background Thread 3 ] DEBUG Engine               - devShowPositionProperty: BooleanProperty [value: false]
09:30:02.794 [FXGL Background Thread 3 ] DEBUG Engine               - enabledMenuItems: []
09:30:02.794 [FXGL Background Thread 3 ] DEBUG Engine               - engineServices: [class com.almasb.fxgl.app.services.FXGLAssetLoaderService, class com.almasb.fxgl.app.FXGLApplication$GameApplicationService, class com.almasb.fxgl.app.services.FXGLDialogService, class com.almasb.fxgl.app.services.IOTaskExecutorService, class com.almasb.fxgl.io.FileSystemService, class com.almasb.fxgl.localization.LocalizationService, class com.almasb.fxgl.app.services.SystemBundleService, class com.almasb.fxgl.profile.SaveLoadService, class com.almasb.fxgl.ui.FXGLUIFactoryServiceProvider, class com.almasb.fxgl.ui.FXGLDialogFactoryServiceProvider, class com.almasb.fxgl.audio.AudioPlayer, class com.almasb.fxgl.notification.impl.NotificationServiceProvider, class com.almasb.fxgl.achievement.AchievementService, class com.almasb.fxgl.cutscene.CutsceneService, class com.almasb.fxgl.minigames.MiniGameService, class com.almasb.fxgl.net.NetService, class com.almasb.fxgl.app.services.UpdaterService, class com.almasb.fxgl.dev.DevService]
09:30:02.794 [FXGL Background Thread 3 ] DEBUG Engine               - fontGame: Abel-Regular.ttf
09:30:02.794 [FXGL Background Thread 3 ] DEBUG Engine               - fontMono: lucida_console.ttf
09:30:02.794 [FXGL Background Thread 3 ] DEBUG Engine               - fontText: Courier-Prime.ttf
09:30:02.794 [FXGL Background Thread 3 ] DEBUG Engine               - fontUI: Retro Gaming.ttf
09:30:02.794 [FXGL Background Thread 3 ] DEBUG Engine               - fullScreen: BooleanProperty [value: false]
09:30:02.794 [FXGL Background Thread 3 ] DEBUG Engine               - gameDifficulty: MEDIUM
09:30:02.794 [FXGL Background Thread 3 ] DEBUG Engine               - gameDifficultyProperty: ObjectProperty [value: MEDIUM]
09:30:02.794 [FXGL Background Thread 3 ] DEBUG Engine               - globalMusicVolume: 0.5
09:30:02.794 [FXGL Background Thread 3 ] DEBUG Engine               - globalMusicVolumeProperty: DoubleProperty [value: 0.5]
09:30:02.794 [FXGL Background Thread 3 ] DEBUG Engine               - globalSoundVolume: 0.5
09:30:02.794 [FXGL Background Thread 3 ] DEBUG Engine               - globalSoundVolumeProperty: DoubleProperty [value: 0.5]
09:30:02.795 [FXGL Background Thread 3 ] DEBUG Engine               - height: 720
09:30:02.795 [FXGL Background Thread 3 ] DEBUG Engine               - is3D: false
09:30:02.795 [FXGL Background Thread 3 ] DEBUG Engine               - isAndroid: false
09:30:02.795 [FXGL Background Thread 3 ] DEBUG Engine               - isBrowser: false
09:30:02.795 [FXGL Background Thread 3 ] DEBUG Engine               - isClickFeedbackEnabled: false
09:30:02.795 [FXGL Background Thread 3 ] DEBUG Engine               - isCloseConfirmation: false
09:30:02.795 [FXGL Background Thread 3 ] DEBUG Engine               - isDesktop: true
09:30:02.795 [FXGL Background Thread 3 ] DEBUG Engine               - isDeveloperMenuEnabled: true
09:30:02.795 [FXGL Background Thread 3 ] DEBUG Engine               - isEntityPreloadEnabled: true
09:30:02.795 [FXGL Background Thread 3 ] DEBUG Engine               - isExperimentalTiledLargeMap: false
09:30:02.795 [FXGL Background Thread 3 ] DEBUG Engine               - isFileSystemWriteAllowed: true
09:30:02.795 [FXGL Background Thread 3 ] DEBUG Engine               - isFullScreenAllowed: false
09:30:02.795 [FXGL Background Thread 3 ] DEBUG Engine               - isFullScreenFromStart: false
09:30:02.795 [FXGL Background Thread 3 ] DEBUG Engine               - isGameMenuEnabled: true
09:30:02.795 [FXGL Background Thread 3 ] DEBUG Engine               - isIOS: false
09:30:02.795 [FXGL Background Thread 3 ] DEBUG Engine               - isIntroEnabled: false
09:30:02.795 [FXGL Background Thread 3 ] DEBUG Engine               - isLinux: true
09:30:02.795 [FXGL Background Thread 3 ] DEBUG Engine               - isMac: false
09:30:02.795 [FXGL Background Thread 3 ] DEBUG Engine               - isMainMenuEnabled: true
09:30:02.795 [FXGL Background Thread 3 ] DEBUG Engine               - isManualResizeEnabled: true
09:30:02.795 [FXGL Background Thread 3 ] DEBUG Engine               - isMobile: false
09:30:02.795 [FXGL Background Thread 3 ] DEBUG Engine               - isNative: false
09:30:02.796 [FXGL Background Thread 3 ] DEBUG Engine               - isPauseMusicWhenMinimized: true
09:30:02.796 [FXGL Background Thread 3 ] DEBUG Engine               - isPreserveResizeRatio: true
09:30:02.796 [FXGL Background Thread 3 ] DEBUG Engine               - isProfilingEnabled: false
09:30:02.796 [FXGL Background Thread 3 ] DEBUG Engine               - isScaleAffectedOnResize: true
09:30:02.796 [FXGL Background Thread 3 ] DEBUG Engine               - isSingleStep: false
09:30:02.796 [FXGL Background Thread 3 ] DEBUG Engine               - isUserProfileEnabled: false
09:30:02.796 [FXGL Background Thread 3 ] DEBUG Engine               - isWindows: false
09:30:02.796 [FXGL Background Thread 3 ] DEBUG Engine               - language: ObjectProperty [value: ENGLISH]
09:30:02.796 [FXGL Background Thread 3 ] DEBUG Engine               - menuKey: ESCAPE
09:30:02.796 [FXGL Background Thread 3 ] DEBUG Engine               - mouseSensitivity: 0.2
09:30:02.796 [FXGL Background Thread 3 ] DEBUG Engine               - notificationViewClass: class com.almasb.fxgl.notification.view.XboxNotificationView
09:30:02.796 [FXGL Background Thread 3 ] DEBUG Engine               - pixelsPerMeter: 50.0
09:30:02.796 [FXGL Background Thread 3 ] DEBUG Engine               - platform: LINUX
09:30:02.796 [FXGL Background Thread 3 ] DEBUG Engine               - prefHeightProperty: ReadOnlyDoubleProperty [value: 720.0]
09:30:02.796 [FXGL Background Thread 3 ] DEBUG Engine               - prefWidthProperty: ReadOnlyDoubleProperty [value: 1080.0]
09:30:02.796 [FXGL Background Thread 3 ] DEBUG Engine               - profileDir: profiles/
09:30:02.797 [FXGL Background Thread 3 ] DEBUG Engine               - profileName: StringProperty [value: DEFAULT]
09:30:02.797 [FXGL Background Thread 3 ] DEBUG Engine               - randomSeed: -1
09:30:02.797 [FXGL Background Thread 3 ] DEBUG Engine               - runtimeInfo: RuntimeInfo(platform=LINUX, version=11.17, build=16.07.2021 15.46)
09:30:02.797 [FXGL Background Thread 3 ] DEBUG Engine               - saveFileExt: sav
09:30:02.797 [FXGL Background Thread 3 ] DEBUG Engine               - scaledHeightProp$fxgl: DoubleProperty [bound, value: 717.0]
09:30:02.797 [FXGL Background Thread 3 ] DEBUG Engine               - scaledWidthProp$fxgl: DoubleProperty [bound, value: 1078.0]
09:30:02.797 [FXGL Background Thread 3 ] DEBUG Engine               - sceneFactory: com.testniqatsu.bomberman.BombermanApp$1@2a2864cd
09:30:02.797 [FXGL Background Thread 3 ] DEBUG Engine               - secondsIn24h: 60
09:30:02.797 [FXGL Background Thread 3 ] DEBUG Engine               - soundMenuBack: menu/back.wav
09:30:02.797 [FXGL Background Thread 3 ] DEBUG Engine               - soundMenuPress: menu/press.wav
09:30:02.797 [FXGL Background Thread 3 ] DEBUG Engine               - soundMenuSelect: menu/select.wav
09:30:02.797 [FXGL Background Thread 3 ] DEBUG Engine               - soundNotification: core/notification.wav
09:30:02.797 [FXGL Background Thread 3 ] DEBUG Engine               - stageStyle: DECORATED
09:30:02.797 [FXGL Background Thread 3 ] DEBUG Engine               - supportedLanguages: [ENGLISH, FRENCH, GERMAN, HUNGARIAN, RUSSIAN]
09:30:02.797 [FXGL Background Thread 3 ] DEBUG Engine               - ticksPerSecond: -1
09:30:02.797 [FXGL Background Thread 3 ] DEBUG Engine               - title: BOMBERMAN
09:30:02.797 [FXGL Background Thread 3 ] DEBUG Engine               - urlGithub: https://github.com/AlmasB/FXGL
09:30:02.797 [FXGL Background Thread 3 ] DEBUG Engine               - urlLeaderboard: http://fxgl-top.herokuapp.com/
09:30:02.797 [FXGL Background Thread 3 ] DEBUG Engine               - urlPOM: https://raw.githubusercontent.com/AlmasB/FXGL/release/README.md
09:30:02.797 [FXGL Background Thread 3 ] DEBUG Engine               - userAppClass: class com.testniqatsu.bomberman.BombermanApp
09:30:02.798 [FXGL Background Thread 3 ] DEBUG Engine               - version: 0.0
09:30:02.798 [FXGL Background Thread 3 ] DEBUG Engine               - versionCheckDays: 7
09:30:02.798 [FXGL Background Thread 3 ] DEBUG Engine               - width: 1080
09:30:02.798 [FXGL Background Thread 3 ] DEBUG Engine               - Logging services
09:30:02.798 [FXGL Background Thread 3 ] DEBUG Engine               - class com.almasb.fxgl.app.services.FXGLAssetLoaderService
09:30:02.798 [FXGL Background Thread 3 ] DEBUG Engine               - class com.almasb.fxgl.app.FXGLApplication$GameApplicationService
09:30:02.798 [FXGL Background Thread 3 ] DEBUG Engine               - class com.almasb.fxgl.app.services.FXGLDialogService
09:30:02.798 [FXGL Background Thread 3 ] DEBUG Engine               - class com.almasb.fxgl.app.services.IOTaskExecutorService
09:30:02.798 [FXGL Background Thread 3 ] DEBUG Engine               - class com.almasb.fxgl.io.FileSystemService
09:30:02.798 [FXGL Background Thread 3 ] DEBUG Engine               - class com.almasb.fxgl.localization.LocalizationService
09:30:02.798 [FXGL Background Thread 3 ] DEBUG Engine               - class com.almasb.fxgl.app.services.SystemBundleService
09:30:02.798 [FXGL Background Thread 3 ] DEBUG Engine               - class com.almasb.fxgl.profile.SaveLoadService
09:30:02.798 [FXGL Background Thread 3 ] DEBUG Engine               - class com.almasb.fxgl.ui.FXGLUIFactoryServiceProvider
09:30:02.798 [FXGL Background Thread 3 ] DEBUG Engine               - class com.almasb.fxgl.ui.FXGLDialogFactoryServiceProvider
09:30:02.798 [FXGL Background Thread 3 ] DEBUG Engine               - class com.almasb.fxgl.audio.AudioPlayer
09:30:02.798 [FXGL Background Thread 3 ] DEBUG Engine               - class com.almasb.fxgl.notification.impl.NotificationServiceProvider
09:30:02.798 [FXGL Background Thread 3 ] DEBUG Engine               - class com.almasb.fxgl.achievement.AchievementService
09:30:02.798 [FXGL Background Thread 3 ] DEBUG Engine               - class com.almasb.fxgl.cutscene.CutsceneService
09:30:02.798 [FXGL Background Thread 3 ] DEBUG Engine               - class com.almasb.fxgl.minigames.MiniGameService
09:30:02.798 [FXGL Background Thread 3 ] DEBUG Engine               - class com.almasb.fxgl.net.NetService
09:30:02.798 [FXGL Background Thread 3 ] DEBUG Engine               - class com.almasb.fxgl.app.services.UpdaterService
09:30:02.798 [FXGL Background Thread 3 ] DEBUG Engine               - class com.almasb.fxgl.dev.DevService
09:30:11.163 [JavaFX Application Thread] DEBUG FXGLApplication      - Exiting FXGL
09:30:11.163 [JavaFX Application Thread] DEBUG LoopRunner           - Stopping loop
09:30:11.163 [JavaFX Application Thread] DEBUG SystemBundleService  - Saving FXGL system data
09:30:11.176 [JavaFX Application Thread] DEBUG FileSystemAccess     - Writing to: /home/jackspa0709/Desktop/BombermanOOP/system/fxgl.bundle
09:30:11.179 [JavaFX Application Thread] DEBUG Async                - Shutting down background threads
09:30:11.179 [JavaFX Application Thread] DEBUG PrimaryStageWindow   - Closing main window
09:30:11.182 [JavaFX Application Thread] DEBUG Logger               - Closing Logger
