09:26:06.409 [main                     ] DEBUG Logger               - Configured Logger
09:26:06.411 [main                     ] DEBUG GameApplication      - Logging settings
Title: BOMBERMAN
Version: 0.0
Width: 1080
Height: 720
Fullscreen: false
Intro: false
Profiling: false
Single step:false
App Mode: DEVELOPER
Menu Key: ESCAPE
Stage Style: DECORATED
Scene Factory: class com.testniqatsu.bomberman.BombermanApp$1

09:26:06.677 [JavaFX Application Thread] DEBUG FXGLApplication      - Initializing FXGL
09:26:06.679 [JavaFX Application Thread] INFO  Engine               - FXGL-11.17 (16.07.2021 15.46) on LINUX (J:19.0.1 FX:16)
09:26:06.679 [JavaFX Application Thread] DEBUG Engine               - JRE Vendor Name: Oracle Corporation
09:26:06.679 [JavaFX Application Thread] DEBUG Engine               - Running on OS: Linux version 5.15.0-52-generic
09:26:06.679 [JavaFX Application Thread] DEBUG Engine               - Architecture: amd64
09:26:06.680 [JavaFX Application Thread] INFO  Engine               - Source code and latest versions at: https://github.com/AlmasB/FXGL
09:26:06.680 [JavaFX Application Thread] INFO  Engine               -              Join the FXGL chat at: https://gitter.im/AlmasB/FXGL
09:26:06.748 [JavaFX Application Thread] DEBUG PrimaryStageWindow   - Creating a JavaFX scene
09:26:06.828 [JavaFX Application Thread] DEBUG PrimaryStageWindow   - Target settings size: 1080.0 x 720.0
09:26:06.828 [JavaFX Application Thread] DEBUG PrimaryStageWindow   - Scaled scene size:    1080.0 x 720.0
09:26:06.828 [JavaFX Application Thread] DEBUG PrimaryStageWindow   - Scaled ratio: (1.0, 1.0)
09:26:06.829 [JavaFX Application Thread] DEBUG PrimaryStageWindow   - Set initial scene to FXGLStartupScene
09:26:06.832 [JavaFX Application Thread] DEBUG PrimaryStageWindow   - Opening main window
09:26:06.853 [JavaFX Application Thread] DEBUG PrimaryStageWindow   - Window border size: (2.0, 29.0)
09:26:06.853 [JavaFX Application Thread] DEBUG PrimaryStageWindow   - Scaled size: 1080.0 x 720.0
09:26:06.853 [JavaFX Application Thread] DEBUG PrimaryStageWindow   - Scaled ratio: (1.0, 1.0)
09:26:06.853 [JavaFX Application Thread] DEBUG PrimaryStageWindow   - Scene size: 1080.0 x 720.0
09:26:06.853 [JavaFX Application Thread] DEBUG PrimaryStageWindow   - Stage size: 1082.0 x 749.0
09:26:06.858 [FXGL Background Thread 1 ] DEBUG Engine               - Initializing environment variables
09:26:06.914 [FXGL Background Thread 1 ] DEBUG FXGLAssetLoaderServi - User app class for loading assets: class com.testniqatsu.bomberman.BombermanApp
09:26:06.914 [FXGL Background Thread 1 ] DEBUG GameApplicationServi - Applying CSS: fxgl_dark.css
09:26:06.915 [FXGL Background Thread 1 ] DEBUG FXGLAssetLoaderServi - Loading from file system: jar:file:///home/jackspa0709/.m2/repository/com/github/almasb/fxgl/11.17/fxgl-11.17.jar!/fxglassets/ui/css/fxgl_dark.css
09:26:06.957 [FXGL Background Thread 1 ] DEBUG GameApplicationServi - Initializing application scenes
09:26:06.989 [FXGL Background Thread 1 ] DEBUG GameWorld            - Game world initialized
09:26:07.026 [FXGL Background Thread 1 ] DEBUG PhysicsWorld         - Physics world initialized: appHeight=720, physics.ppm=50.0
09:26:07.027 [FXGL Background Thread 1 ] DEBUG PhysicsWorld         - Using strategy: BRUTE_FORCE
09:26:07.028 [FXGL Background Thread 1 ] DEBUG GameScene            - Game scene initialized: 1080x720
09:26:07.036 [FXGL Background Thread 1 ] DEBUG FXGL.DefaultMenu     - createMenuBodyMainMenu()
09:26:07.044 [FXGL Background Thread 1 ] DEBUG FXGL.DefaultMenu     - createOptionsMenu()
09:26:07.050 [FXGL Background Thread 1 ] DEBUG FXGLAssetLoaderServi - Loading from file system: jar:file:///home/jackspa0709/.m2/repository/com/github/almasb/fxgl/11.17/fxgl-11.17.jar!/fxglassets/textures/particles/smoke.png
09:26:07.119 [FXGL Background Thread 1 ] DEBUG FXGLAssetLoaderServi - Loading from file system: jar:file:///home/jackspa0709/.m2/repository/com/github/almasb/fxgl/11.17/fxgl-11.17.jar!/fxglassets/textures/particles/trace_horizontal.png
09:26:07.136 [FXGL Background Thread 1 ] DEBUG FXGL.DefaultMenu     - createMenuBodyGameMenu()
09:26:07.137 [FXGL Background Thread 1 ] DEBUG FXGL.DefaultMenu     - createOptionsMenu()
09:26:07.158 [FXGL Background Thread 1 ] DEBUG GameApplicationServi - Application scenes initialized
09:26:07.163 [FXGL Background Thread 1 ] DEBUG SystemBundleService  - Loading FXGL system data
09:26:07.165 [FXGL Background Thread 1 ] DEBUG FileSystemAccess     - Reading from: /home/jackspa0709/Desktop/BombermanOOP/system/fxgl.bundle
09:26:07.170 [FXGL Background Thread 1 ] DEBUG SystemBundleService  - Bundle FXGL: {}
09:26:07.170 [FXGL Background Thread 1 ] DEBUG UpdaterService       - Checking for updates
09:26:07.183 [FXGL Background Thread 4 ] DEBUG FXGLApplication      - Loading fonts
09:26:07.183 [FXGL Background Thread 4 ] DEBUG FXGLAssetLoaderServi - Loading from file system: file:/home/jackspa0709/Desktop/BombermanOOP/target/classes/assets/ui/fonts/Retro%20Gaming.ttf
09:26:07.183 [FXGL Background Thread 1 ] DEBUG FXGLApplication      - Loading default localization
09:26:07.183 [FXGL Background Thread 1 ] DEBUG FXGLAssetLoaderServi - Loading from file system: jar:file:///home/jackspa0709/.m2/repository/com/github/almasb/fxgl/11.17/fxgl-11.17.jar!/fxglassets/languages/english.lang
09:26:07.188 [FXGL Background Thread 4 ] DEBUG FXGLAssetLoaderServi - Loading from file system: jar:file:///home/jackspa0709/.m2/repository/com/github/almasb/fxgl/11.17/fxgl-11.17.jar!/fxglassets/ui/fonts/Abel-Regular.ttf
09:26:07.189 [FXGL Background Thread 4 ] DEBUG FXGLAssetLoaderServi - Loading from file system: jar:file:///home/jackspa0709/.m2/repository/com/github/almasb/fxgl/11.17/fxgl-11.17.jar!/fxglassets/ui/fonts/lucida_console.ttf
09:26:07.191 [FXGL Background Thread 4 ] DEBUG FXGLAssetLoaderServi - Loading from file system: jar:file:///home/jackspa0709/.m2/repository/com/github/almasb/fxgl/11.17/fxgl-11.17.jar!/fxglassets/ui/fonts/Courier-Prime.ttf
09:26:07.192 [FXGL Background Thread 1 ] INFO  FXGLApplication      - FXGL initialization took: 0.334 sec
09:26:07.199 [JavaFX Application Thread] DEBUG Input                - Registered new binding: Move Up - W
09:26:07.199 [JavaFX Application Thread] DEBUG Input                - Registered new binding: Move Down - S
09:26:07.199 [JavaFX Application Thread] DEBUG Input                - Registered new binding: Move Left - A
09:26:07.199 [JavaFX Application Thread] DEBUG Input                - Registered new binding: Move Right - D
09:26:07.200 [JavaFX Application Thread] DEBUG Input                - Registered new binding: Place Bomb - Space
09:26:07.200 [JavaFX Application Thread] DEBUG FXGLAssetLoaderServi - Loading from file system: jar:file:///home/jackspa0709/.m2/repository/com/github/almasb/fxgl/11.17/fxgl-11.17.jar!/fxglassets/textures/fxgl_icon.png
09:26:07.221 [JavaFX Application Thread] DEBUG FXGLAssetLoaderServi - Loading from file system: jar:file:///home/jackspa0709/.m2/repository/com/github/almasb/fxgl/11.17/fxgl-11.17.jar!/fxglassets/textures/fxgl_default_cursor.png
09:26:07.222 [JavaFX Application Thread] DEBUG Input                - Registered new binding: Screenshot - CTRL+8
09:26:07.223 [JavaFX Application Thread] DEBUG Input                - Registered new binding: Dev Options - 1
09:26:07.223 [JavaFX Application Thread] DEBUG Input                - Registered new binding: Dev Console - 2
09:26:07.223 [JavaFX Application Thread] DEBUG Input                - Registered new binding: System info dump - CTRL+9
09:26:07.223 [JavaFX Application Thread] DEBUG Input                - Registered new binding: Restart - CTRL+R
09:26:07.224 [JavaFX Application Thread] DEBUG Input                - Registered new binding: Toggle Debug Camera - CTRL+C
09:26:07.225 [JavaFX Application Thread] DEBUG LoopRunner           - Starting loop
09:26:07.233 [JavaFX Application Thread] DEBUG LoopRunner           - Initializing JavaFX AnimationTimerLoop
09:26:07.235 [JavaFX Application Thread] DEBUG Input                - Clearing active input actions
09:26:07.241 [JavaFX Application Thread] DEBUG GameApplicationServi - Removing overlay from FXGLStartupScene and adding to FXGLMainMenuDummyScene
09:26:07.242 [JavaFX Application Thread] DEBUG PrimaryStageWindow   - FXGLStartupScene -> FXGLMainMenuDummyScene
09:26:07.243 [JavaFX Application Thread] DEBUG PrimaryStageWindow   - Push state: FXGLDefaultMenu
09:26:07.245 [JavaFX Application Thread] DEBUG Input                - Clearing active input actions
09:26:07.248 [JavaFX Application Thread] DEBUG GameApplicationServi - Removing overlay from FXGLMainMenuDummyScene and adding to FXGLDefaultMenu
09:26:07.248 [JavaFX Application Thread] DEBUG PrimaryStageWindow   - FXGLMainMenuDummyScene -> FXGLDefaultMenu
09:26:07.248 [JavaFX Application Thread] DEBUG FXGLApplication      - Registering font factories with UI factory
09:26:07.292 [FXGL Background Thread 2 ] WARN  UpdaterService       - Failed to find updates: java.net.UnknownHostException: raw.githubusercontent.com
09:26:09.117 [JavaFX Application Thread] DEBUG FXGLApplication      - Exiting FXGL
09:26:09.118 [JavaFX Application Thread] DEBUG LoopRunner           - Stopping loop
09:26:09.118 [JavaFX Application Thread] DEBUG SystemBundleService  - Saving FXGL system data
09:26:09.121 [JavaFX Application Thread] DEBUG FileSystemAccess     - Writing to: /home/jackspa0709/Desktop/BombermanOOP/system/fxgl.bundle
09:26:09.123 [JavaFX Application Thread] DEBUG Async                - Shutting down background threads
09:26:09.124 [JavaFX Application Thread] DEBUG PrimaryStageWindow   - Closing main window
09:26:09.137 [JavaFX Application Thread] DEBUG Logger               - Closing Logger
